<?xml version="1.0" encoding="UTF-8"?>
<!-- Generated by org.testng.reporters.JUnitReportReporter -->
<testsuite hostname="LAPTOP-B1NEIEIF" failures="0" tests="8" name="DependencyTests.TestGroupDependency" time="0.004" errors="0" timestamp="2021-12-16T01:41:33 IST" skipped="0">
  <testcase classname="DependencyTests.TestGroupDependency" name="test2" time="0.000"/>
  <system-out/>
  <testcase classname="DependencyTests.TestGroupDependency" name="test3" time="0.000"/>
  <system-out/>
  <testcase classname="DependencyTests.TestGroupDependency" name="test6" time="0.001"/>
  <system-out/>
  <testcase classname="DependencyTests.TestGroupDependency" name="test5" time="0.000"/>
  <system-out/>
  <testcase classname="DependencyTests.TestGroupDependency" name="test1" time="0.001"/>
  <system-out/>
  <testcase classname="DependencyTests.TestGroupDependency" name="test0" time="0.001"/>
  <system-out/>
  <testcase classname="DependencyTests.TestGroupDependency" name="test4" time="0.000"/>
  <system-out/>
  <testcase classname="DependencyTests.TestGroupDependency" name="test7" time="0.001"/>
  <system-out/>
</testsuite> <!-- DependencyTests.TestGroupDependency -->
