<?xml version="1.0" encoding="UTF-8"?>
<!-- Generated by org.testng.reporters.JUnitReportReporter -->
<testsuite hostname="LAPTOP-B1NEIEIF" failures="0" tests="2" name="DataProvider.BasicTest8" time="0.005" errors="0" timestamp="2023-06-21T14:19:52 IST" skipped="0">
  <testcase classname="DataProvider.BasicTest8" name="TestLogin" time="0.001"/>
  <system-out/>
  <testcase classname="DataProvider.BasicTest8" name="TestLogin" time="0.004"/>
  <system-out/>
</testsuite> <!-- DataProvider.BasicTest8 -->
