<?xml version="1.0" encoding="UTF-8"?>
<!-- Generated by org.testng.reporters.JUnitReportReporter -->
<testsuite hostname="LAPTOP-B1NEIEIF" failures="0" tests="3" name="Test1.NewTest2" time="0.001" errors="0" timestamp="2021-12-14T03:23:29 IST" skipped="0">
  <testcase classname="Test1.NewTest2" name="test6" time="0.000"/>
  <system-out/>
  <testcase classname="Test1.NewTest2" name="test5" time="0.000"/>
  <system-out/>
  <testcase classname="Test1.NewTest2" name="test4" time="0.001"/>
  <system-out/>
</testsuite> <!-- Test1.NewTest2 -->
