<?xml version="1.0" encoding="UTF-8"?>
<!-- Generated by org.testng.reporters.JUnitReportReporter -->
<testsuite hostname="LAPTOP-B1NEIEIF" failures="0" tests="3" name="DataProvider.BasicTest2" time="0.008" errors="0" timestamp="2023-06-21T14:00:35 IST" skipped="0">
  <testcase classname="DataProvider.BasicTest2" name="TestLogin" time="0.001"/>
  <system-out/>
  <testcase classname="DataProvider.BasicTest2" name="TestLogin" time="0.001"/>
  <system-out/>
  <testcase classname="DataProvider.BasicTest2" name="TestLogin" time="0.006"/>
  <system-out/>
</testsuite> <!-- DataProvider.BasicTest2 -->
