<?xml version="1.0" encoding="UTF-8"?>
<!-- Generated by org.testng.reporters.JUnitReportReporter -->
<testsuite hostname="LAPTOP-B1NEIEIF" failures="0" tests="6" name="DataProvider.BasicTest3" time="0.010" errors="0" timestamp="2023-06-21T14:08:31 IST" skipped="0">
  <testcase classname="DataProvider.BasicTest3" name="TestLogin" time="0.005"/>
  <system-out/>
  <testcase classname="DataProvider.BasicTest3" name="TestLogin" time="0.001"/>
  <system-out/>
  <testcase classname="DataProvider.BasicTest3" name="TestLogin" time="0.001"/>
  <system-out/>
  <testcase classname="DataProvider.BasicTest3" name="TestLogin" time="0.001"/>
  <system-out/>
  <testcase classname="DataProvider.BasicTest3" name="TestLogin" time="0.001"/>
  <system-out/>
  <testcase classname="DataProvider.BasicTest3" name="TestLogin" time="0.001"/>
  <system-out/>
</testsuite> <!-- DataProvider.BasicTest3 -->
