<?xml version="1.0" encoding="UTF-8"?>
<!-- Generated by org.testng.reporters.JUnitReportReporter -->
<testsuite hostname="LAPTOP-B1NEIEIF" failures="0" tests="1" name="Test.TestNGAnnotaion" time="0.003" errors="0" timestamp="2021-12-13T17:43:04 IST" skipped="0">
  <testcase classname="Test.TestNGAnnotaion" name="testmethod1" time="0.003"/>
  <system-out/>
</testsuite> <!-- Test.TestNGAnnotaion -->
