<?xml version="1.0" encoding="UTF-8"?>
<!-- Generated by org.testng.reporters.JUnitReportReporter -->
<testsuite hostname="LAPTOP-B1NEIEIF" failures="0" tests="3" name="DataProvider.DataProviderTest" time="0.007" errors="0" timestamp="2021-12-17T20:46:59 IST" skipped="0">
  <testcase classname="DataProvider.DataProviderTest" name="TestLogin" time="0.001"/>
  <system-out/>
  <testcase classname="DataProvider.DataProviderTest" name="TestLogin" time="0.001"/>
  <system-out/>
  <testcase classname="DataProvider.DataProviderTest" name="TestLogin" time="0.005"/>
  <system-out/>
</testsuite> <!-- DataProvider.DataProviderTest -->
