<?xml version="1.0" encoding="UTF-8"?>
<!-- Generated by org.testng.reporters.JUnitReportReporter -->
<testsuite hostname="LAPTOP-B1NEIEIF" failures="0" tests="2" name="DataProvider.BasicTest5" time="0.008" errors="0" timestamp="2023-06-21T14:14:03 IST" skipped="0">
  <testcase classname="DataProvider.BasicTest5" name="TestLogin" time="0.006"/>
  <system-out/>
  <testcase classname="DataProvider.BasicTest5" name="TestLogin" time="0.002"/>
  <system-out/>
</testsuite> <!-- DataProvider.BasicTest5 -->
