<?xml version="1.0" encoding="UTF-8"?>
<!-- Generated by org.testng.reporters.JUnitReportReporter -->
<testsuite hostname="LAPTOP-B1NEIEIF" failures="0" tests="2" name="DataProvider.BasicTest7" time="0.007" errors="0" timestamp="2021-12-17T20:14:34 IST" skipped="0">
  <testcase classname="DataProvider.BasicTest7" name="TestLogin1" time="0.000"/>
  <system-out/>
  <testcase classname="DataProvider.BasicTest7" name="TestLogin1" time="0.007"/>
  <system-out/>
</testsuite> <!-- DataProvider.BasicTest7 -->
