<?xml version="1.0" encoding="UTF-8"?>
<!-- Generated by org.testng.reporters.JUnitReportReporter -->
<testsuite hostname="LAPTOP-B1NEIEIF" failures="0" tests="1" name="Test.FlightBookingTest" time="0.005" errors="0" timestamp="2021-12-28T19:31:47 IST" skipped="0">
  <testcase classname="Test.FlightBookingTest" name="bookTheFlight" time="0.005"/>
  <system-out/>
</testsuite> <!-- Test.FlightBookingTest -->
