<?xml version="1.0" encoding="UTF-8"?>
<!-- Generated by org.testng.reporters.JUnitReportReporter -->
<testsuite hostname="LAPTOP-B1NEIEIF" failures="0" tests="2" name="DataProvider.BasicTest6" time="0.008" errors="0" timestamp="2023-06-21T14:15:44 IST" skipped="0">
  <testcase classname="DataProvider.BasicTest6" name="TestLogin" time="0.007"/>
  <system-out/>
  <testcase classname="DataProvider.BasicTest6" name="TestLogin" time="0.001"/>
  <system-out/>
</testsuite> <!-- DataProvider.BasicTest6 -->
