<?xml version="1.0" encoding="UTF-8"?>
<!-- Generated by org.testng.reporters.JUnitReportReporter -->
<testsuite hostname="LAPTOP-B1NEIEIF" failures="0" tests="1" name="TestClass" time="0.006" errors="0" timestamp="2021-12-11T00:18:43 IST" skipped="0">
  <testcase classname="TestClass" name="foo" time="0.006"/>
  <system-out/>
</testsuite> <!-- TestClass -->
