<?xml version="1.0" encoding="UTF-8"?>
<!-- Generated by org.testng.reporters.JUnitReportReporter -->
<testsuite hostname="LAPTOP-B1NEIEIF" failures="0" tests="1" name="Test.TestNGAnnotaionNGClass2" time="0.014" errors="0" timestamp="2023-06-20T18:58:49 IST" skipped="0">
  <testcase classname="Test.TestNGAnnotaionNGClass2" name="testmethod1" time="0.014"/>
  <system-out/>
</testsuite> <!-- Test.TestNGAnnotaionNGClass2 -->
