<?xml version="1.0" encoding="UTF-8"?>
<!-- Generated by org.testng.reporters.JUnitReportReporter -->
<testsuite hostname="LAPTOP-B1NEIEIF" failures="0" tests="3" name="GroupTests.NewTest" time="0.002" errors="0" timestamp="2021-12-16T01:41:33 IST" skipped="0">
  <testcase classname="GroupTests.NewTest" name="test3" time="0.001"/>
  <system-out/>
  <testcase classname="GroupTests.NewTest" name="test1" time="0.000"/>
  <system-out/>
  <testcase classname="GroupTests.NewTest" name="test2" time="0.001"/>
  <system-out/>
</testsuite> <!-- GroupTests.NewTest -->
